<?xml version="1.0" encoding="UTF-8"?>
<!-- Generated by org.testng.reporters.JUnitReportReporter -->
<testsuite skipped="0" hostname="INLN56597652A" name="com.qa.amazon.testsuite.NewTest" tests="5" failures="0" timestamp="2020-05-13T16:17:52 IST" time="0.018" errors="0">
  <testcase name="runData" time="0.002" classname="com.qa.amazon.testsuite.NewTest"/>
  <system-out/>
  <testcase name="runData" time="0.008" classname="com.qa.amazon.testsuite.NewTest"/>
  <system-out/>
  <testcase name="runData" time="0.004" classname="com.qa.amazon.testsuite.NewTest"/>
  <system-out/>
  <testcase name="runData" time="0.002" classname="com.qa.amazon.testsuite.NewTest"/>
  <system-out/>
  <testcase name="runData" time="0.002" classname="com.qa.amazon.testsuite.NewTest"/>
  <system-out/>
</testsuite> <!-- com.qa.amazon.testsuite.NewTest -->
