<?xml version="1.0" encoding="UTF-8"?>
<!-- Generated by org.testng.reporters.JUnitReportReporter -->
<testsuite skipped="0" hostname="INLN56597652A" name="com.qa.amazon.testsuite.LoginPageTest" tests="3" failures="0" timestamp="2020-05-15T16:49:31 IST" time="34.614" errors="0">
  <testcase name="checkTitle" time="9.953" classname="com.qa.amazon.testsuite.LoginPageTest"/>
  <system-out/>
  <testcase name="checkLogo" time="9.916" classname="com.qa.amazon.testsuite.LoginPageTest"/>
  <system-out/>
  <testcase name="login" time="14.745" classname="com.qa.amazon.testsuite.LoginPageTest"/>
  <system-out/>
</testsuite> <!-- com.qa.amazon.testsuite.LoginPageTest -->
